<?xml version="1.0" encoding="UTF-8"?>
<coverage generated="1663351786305" clover="3.2.0">
  <project timestamp="1663351786306" name="All files">
    <metrics statements="41" coveredstatements="37" conditionals="25" coveredconditionals="21" methods="10" coveredmethods="9" elements="76" coveredelements="67" complexity="0" loc="41" ncloc="41" packages="1" files="1" classes="1"/>
    <file name="inject.ts" path="C:\Users\markh\Documents\GitHub\github-stargazers-to-notion-database\inject.ts">
      <metrics statements="41" coveredstatements="37" conditionals="25" coveredconditionals="21" methods="10" coveredmethods="9"/>
      <line num="39" count="1" type="stmt"/>
      <line num="40" count="42" type="stmt"/>
      <line num="41" count="42" type="stmt"/>
      <line num="44" count="1" type="stmt"/>
      <line num="46" count="1" type="stmt"/>
      <line num="47" count="0" type="cond" truecount="0" falsecount="3"/>
      <line num="48" count="0" type="stmt"/>
      <line num="49" count="0" type="stmt"/>
      <line num="52" count="0" type="stmt"/>
      <line num="60" count="45" type="stmt"/>
      <line num="61" count="1" type="stmt"/>
      <line num="62" count="99" type="cond" truecount="2" falsecount="0"/>
      <line num="63" count="51" type="cond" truecount="2" falsecount="0"/>
      <line num="64" count="4" type="stmt"/>
      <line num="65" count="2" type="stmt"/>
      <line num="67" count="45" type="stmt"/>
      <line num="68" count="45" type="stmt"/>
      <line num="75" count="1" type="stmt"/>
      <line num="90" count="150" type="cond" truecount="2" falsecount="0"/>
      <line num="91" count="41" type="cond" truecount="1" falsecount="0"/>
      <line num="92" count="1" type="stmt"/>
      <line num="94" count="40" type="cond" truecount="1" falsecount="0"/>
      <line num="95" count="2" type="stmt"/>
      <line num="97" count="38" type="stmt"/>
      <line num="98" count="109" type="cond" truecount="2" falsecount="0"/>
      <line num="99" count="58" type="stmt"/>
      <line num="100" count="58" type="stmt"/>
      <line num="101" count="58" type="stmt"/>
      <line num="102" count="58" type="cond" truecount="2" falsecount="0"/>
      <line num="104" count="8" type="cond" truecount="1" falsecount="1"/>
      <line num="105" count="8" type="stmt"/>
      <line num="107" count="50" type="stmt"/>
      <line num="109" count="51" type="stmt"/>
      <line num="121" count="170" type="cond" truecount="1" falsecount="0"/>
      <line num="122" count="46" type="stmt"/>
      <line num="123" count="62" type="cond" truecount="1" falsecount="0"/>
      <line num="124" count="62" type="stmt"/>
      <line num="125" count="62" type="cond" truecount="6" falsecount="0"/>
      <line num="126" count="2" type="stmt"/>
      <line num="128" count="60" type="stmt"/>
      <line num="133" count="170" type="stmt"/>
    </file>
  </project>
</coverage>
