{"C:\\Users\\markh\\Documents\\GitHub\\github-stargazers-to-notion-database\\inject.ts": {"path":"C:\\Users\\markh\\Documents\\GitHub\\github-stargazers-to-notion-database\\inject.ts","statementMap":{"0":{"start":{"line":40,"column":19},"end":{"line":40,"column":87}},"1":{"start":{"line":41,"column":4},"end":{"line":41,"column":27}},"2":{"start":{"line":39,"column":0},"end":{"line":39,"column":16}},"3":{"start":{"line":44,"column":16},"end":{"line":44,"column":33}},"4":{"start":{"line":47,"column":4},"end":{"line":51,"column":null}},"5":{"start":{"line":48,"column":8},"end":{"line":50,"column":null}},"6":{"start":{"line":49,"column":12},"end":{"line":49,"column":29}},"7":{"start":{"line":52,"column":4},"end":{"line":52,"column":16}},"8":{"start":{"line":46,"column":0},"end":{"line":46,"column":16}},"9":{"start":{"line":60,"column":23},"end":{"line":66,"column":6}},"10":{"start":{"line":61,"column":30},"end":{"line":61,"column":35}},"11":{"start":{"line":62,"column":28},"end":{"line":62,"column":74}},"12":{"start":{"line":63,"column":50},"end":{"line":63,"column":140}},"13":{"start":{"line":64,"column":26},"end":{"line":64,"column":40}},"14":{"start":{"line":65,"column":23},"end":{"line":65,"column":60}},"15":{"start":{"line":67,"column":4},"end":{"line":67,"column":26}},"16":{"start":{"line":68,"column":4},"end":{"line":68,"column":17}},"17":{"start":{"line":75,"column":22},"end":{"line":75,"column":30}},"18":{"start":{"line":90,"column":4},"end":{"line":110,"column":null}},"19":{"start":{"line":91,"column":8},"end":{"line":93,"column":null}},"20":{"start":{"line":92,"column":12},"end":{"line":92,"column":112}},"21":{"start":{"line":94,"column":8},"end":{"line":96,"column":null}},"22":{"start":{"line":95,"column":12},"end":{"line":95,"column":140}},"23":{"start":{"line":97,"column":8},"end":{"line":97,"column":25}},"24":{"start":{"line":98,"column":11},"end":{"line":110,"column":null}},"25":{"start":{"line":99,"column":77},"end":{"line":99,"column":100}},"26":{"start":{"line":100,"column":8},"end":{"line":100,"column":34}},"27":{"start":{"line":101,"column":8},"end":{"line":106,"column":null}},"28":{"start":{"line":102,"column":12},"end":{"line":102,"column":99}},"29":{"start":{"line":104,"column":12},"end":{"line":104,"column":67}},"30":{"start":{"line":105,"column":12},"end":{"line":105,"column":24}},"31":{"start":{"line":107,"column":8},"end":{"line":107,"column":25}},"32":{"start":{"line":109,"column":8},"end":{"line":109,"column":25}},"33":{"start":{"line":121,"column":4},"end":{"line":132,"column":null}},"34":{"start":{"line":122,"column":8},"end":{"line":131,"column":null}},"35":{"start":{"line":123,"column":12},"end":{"line":130,"column":null}},"36":{"start":{"line":124,"column":31},"end":{"line":124,"column":42}},"37":{"start":{"line":125,"column":16},"end":{"line":129,"column":null}},"38":{"start":{"line":126,"column":20},"end":{"line":126,"column":57}},"39":{"start":{"line":128,"column":20},"end":{"line":128,"column":41}},"40":{"start":{"line":133,"column":4},"end":{"line":133,"column":18}}},"fnMap":{"0":{"name":"inject","decl":{"start":{"line":39,"column":16},"end":{"line":39,"column":22}},"loc":{"start":{"line":39,"column":165},"end":{"line":42,"column":1}}},"1":{"name":"eagerLoad","decl":{"start":{"line":46,"column":16},"end":{"line":46,"column":25}},"loc":{"start":{"line":46,"column":35},"end":{"line":53,"column":1}}},"2":{"name":"_inject","decl":{"start":{"line":59,"column":9},"end":{"line":59,"column":16}},"loc":{"start":{"line":59,"column":59},"end":{"line":69,"column":1}}},"3":{"name":"(anonymous_3)","decl":{"start":{"line":61,"column":24},"end":{"line":61,"column":27}},"loc":{"start":{"line":61,"column":30},"end":{"line":61,"column":35}}},"4":{"name":"(anonymous_4)","decl":{"start":{"line":62,"column":13},"end":{"line":62,"column":14}},"loc":{"start":{"line":62,"column":28},"end":{"line":62,"column":74}}},"5":{"name":"(anonymous_5)","decl":{"start":{"line":63,"column":34},"end":{"line":63,"column":35}},"loc":{"start":{"line":63,"column":50},"end":{"line":63,"column":140}}},"6":{"name":"(anonymous_6)","decl":{"start":{"line":64,"column":13},"end":{"line":64,"column":14}},"loc":{"start":{"line":64,"column":26},"end":{"line":64,"column":40}}},"7":{"name":"(anonymous_7)","decl":{"start":{"line":65,"column":17},"end":{"line":65,"column":20}},"loc":{"start":{"line":65,"column":23},"end":{"line":65,"column":60}}},"8":{"name":"_resolve","decl":{"start":{"line":89,"column":9},"end":{"line":89,"column":17}},"loc":{"start":{"line":89,"column":99},"end":{"line":111,"column":1}}},"9":{"name":"_merge","decl":{"start":{"line":120,"column":9},"end":{"line":120,"column":15}},"loc":{"start":{"line":120,"column":57},"end":{"line":134,"column":1}}}},"branchMap":{"0":{"loc":{"start":{"line":47,"column":4},"end":{"line":51,"column":null}},"type":"if","locations":[{"start":{"line":47,"column":4},"end":{"line":51,"column":null}}]},"1":{"loc":{"start":{"line":47,"column":8},"end":{"line":47,"column":29}},"type":"binary-expr","locations":[{"start":{"line":47,"column":8},"end":{"line":47,"column":12}},{"start":{"line":47,"column":16},"end":{"line":47,"column":29}}]},"2":{"loc":{"start":{"line":62,"column":56},"end":{"line":62,"column":73}},"type":"binary-expr","locations":[{"start":{"line":62,"column":56},"end":{"line":62,"column":64}},{"start":{"line":62,"column":68},"end":{"line":62,"column":73}}]},"3":{"loc":{"start":{"line":63,"column":78},"end":{"line":63,"column":95}},"type":"binary-expr","locations":[{"start":{"line":63,"column":78},"end":{"line":63,"column":86}},{"start":{"line":63,"column":90},"end":{"line":63,"column":95}}]},"4":{"loc":{"start":{"line":90,"column":4},"end":{"line":110,"column":null}},"type":"if","locations":[{"start":{"line":90,"column":4},"end":{"line":110,"column":null}},{"start":{"line":98,"column":11},"end":{"line":110,"column":null}}]},"5":{"loc":{"start":{"line":91,"column":8},"end":{"line":93,"column":null}},"type":"if","locations":[{"start":{"line":91,"column":8},"end":{"line":93,"column":null}}]},"6":{"loc":{"start":{"line":94,"column":8},"end":{"line":96,"column":null}},"type":"if","locations":[{"start":{"line":94,"column":8},"end":{"line":96,"column":null}}]},"7":{"loc":{"start":{"line":98,"column":11},"end":{"line":110,"column":null}},"type":"if","locations":[{"start":{"line":98,"column":11},"end":{"line":110,"column":null}},{"start":{"line":108,"column":11},"end":{"line":110,"column":null}}]},"8":{"loc":{"start":{"line":102,"column":24},"end":{"line":102,"column":98}},"type":"cond-expr","locations":[{"start":{"line":102,"column":56},"end":{"line":102,"column":71}},{"start":{"line":102,"column":74},"end":{"line":102,"column":98}}]},"9":{"loc":{"start":{"line":104,"column":24},"end":{"line":104,"column":66}},"type":"cond-expr","locations":[{"start":{"line":104,"column":49},"end":{"line":104,"column":54}},{"start":{"line":104,"column":57},"end":{"line":104,"column":66}}]},"10":{"loc":{"start":{"line":121,"column":4},"end":{"line":132,"column":null}},"type":"if","locations":[{"start":{"line":121,"column":4},"end":{"line":132,"column":null}}]},"11":{"loc":{"start":{"line":123,"column":12},"end":{"line":130,"column":null}},"type":"if","locations":[{"start":{"line":123,"column":12},"end":{"line":130,"column":null}}]},"12":{"loc":{"start":{"line":125,"column":16},"end":{"line":129,"column":null}},"type":"if","locations":[{"start":{"line":125,"column":16},"end":{"line":129,"column":null}},{"start":{"line":127,"column":23},"end":{"line":129,"column":null}}]},"13":{"loc":{"start":{"line":125,"column":20},"end":{"line":125,"column":114}},"type":"binary-expr","locations":[{"start":{"line":125,"column":20},"end":{"line":125,"column":35}},{"start":{"line":125,"column":39},"end":{"line":125,"column":54}},{"start":{"line":125,"column":58},"end":{"line":125,"column":84}},{"start":{"line":125,"column":88},"end":{"line":125,"column":114}}]}},"s":{"0":42,"1":42,"2":1,"3":1,"4":0,"5":0,"6":0,"7":0,"8":1,"9":45,"10":1,"11":99,"12":51,"13":4,"14":2,"15":45,"16":45,"17":1,"18":150,"19":41,"20":1,"21":40,"22":2,"23":38,"24":109,"25":58,"26":58,"27":58,"28":58,"29":8,"30":8,"31":50,"32":51,"33":170,"34":46,"35":62,"36":62,"37":62,"38":2,"39":60,"40":170},"f":{"0":42,"1":0,"2":45,"3":1,"4":99,"5":51,"6":4,"7":2,"8":150,"9":170},"b":{"0":[0],"1":[0,0],"2":[99,95],"3":[51,48],"4":[41,109],"5":[1],"6":[2],"7":[58,51],"8":[55,3],"9":[8,0],"10":[46],"11":[62],"12":[2,60],"13":[62,62,62,2]}}
}
