TN:
SF:inject.ts
FN:39,inject
FN:46,eagerLoad
FN:59,_inject
FN:61,(anonymous_3)
FN:62,(anonymous_4)
FN:63,(anonymous_5)
FN:64,(anonymous_6)
FN:65,(anonymous_7)
FN:89,_resolve
FN:120,_merge
FNF:10
FNH:9
FNDA:42,inject
FNDA:0,eagerLoad
FNDA:45,_inject
FNDA:1,(anonymous_3)
FNDA:99,(anonymous_4)
FNDA:51,(anonymous_5)
FNDA:4,(anonymous_6)
FNDA:2,(anonymous_7)
FNDA:150,_resolve
FNDA:170,_merge
DA:39,1
DA:40,42
DA:41,42
DA:44,1
DA:46,1
DA:47,0
DA:48,0
DA:49,0
DA:52,0
DA:60,45
DA:61,1
DA:62,99
DA:63,51
DA:64,4
DA:65,2
DA:67,45
DA:68,45
DA:75,1
DA:90,150
DA:91,41
DA:92,1
DA:94,40
DA:95,2
DA:97,38
DA:98,109
DA:99,58
DA:100,58
DA:101,58
DA:102,58
DA:104,8
DA:105,8
DA:107,50
DA:109,51
DA:121,170
DA:122,46
DA:123,62
DA:124,62
DA:125,62
DA:126,2
DA:128,60
DA:133,170
LF:41
LH:37
BRDA:47,0,0,0
BRDA:47,1,0,0
BRDA:47,1,1,0
BRDA:62,2,0,99
BRDA:62,2,1,95
BRDA:63,3,0,51
BRDA:63,3,1,48
BRDA:90,4,0,41
BRDA:90,4,1,109
BRDA:91,5,0,1
BRDA:94,6,0,2
BRDA:98,7,0,58
BRDA:98,7,1,51
BRDA:102,8,0,55
BRDA:102,8,1,3
BRDA:104,9,0,8
BRDA:104,9,1,0
BRDA:121,10,0,46
BRDA:123,11,0,62
BRDA:125,12,0,2
BRDA:125,12,1,60
BRDA:125,13,0,62
BRDA:125,13,1,62
BRDA:125,13,2,62
BRDA:125,13,3,2
BRF:25
BRH:21
end_of_record
